0.280157 104
0.000062 86
0.000009 20
0.024342 102
0.000092 7
0.000014 8
7.975464 1
0.097627 19
1.540435 28
0.000045 11
0.001715 26
0.001692 37
0.000264 104
0.000138 86
0.000014 20
0.027045 102
0.000037 7
0.000035 8
2.756671 33
0.127295 114
0.149659 6
0.928057 6
0.266627 6
0.224323 6
0.356388 82
0.190354 76
0.310831 6
0.267087 6
1.095533 18
0.001192 25
0.002484 104
0.000238 86
0.000021 20
0.030219 102
0.000044 7
0.000028 8
0.733252 40
0.297044 8
0.143098 6
0.786731 142
0.208304 6
0.261173 6
0.433299 6
0.390941 40
0.006417 48
0.548806 30
0.338796 6
0.347058 47
1.998171 14
0.000034 11
0.000916 23
0.002002 104
0.000202 86
0.000022 20
0.027721 102
0.000043 7
0.000025 8
2.578132 108
0.630036 72
0.251113 309
0.221498 36
0.150960 6
0.328729 20
0.000796 18
